<?xml version="1.0" encoding="UTF-8"?>
<testng-results skipped="0" failed="1" ignored="0" total="1" passed="0">
  <reporter-output>
  </reporter-output>
  <suite name="Default suite" duration-ms="12627" started-at="2024-07-11T22:20:27 IST" finished-at="2024-07-11T22:20:40 IST">
    <groups>
      <group name="cucumber">
        <method signature="AbstractTestNGCucumberTests.runScenario(io.cucumber.testng.PickleWrapper, io.cucumber.testng.FeatureWrapper)[pri:0, instance:cucumberOptions.FailedTestTestRunner@11758f2a]" name="runScenario" class="io.cucumber.testng.AbstractTestNGCucumberTests"/>
      </group> <!-- cucumber -->
    </groups>
    <test name="Default test" duration-ms="12627" started-at="2024-07-11T22:20:27 IST" finished-at="2024-07-11T22:20:40 IST">
      <class name="cucumberOptions.FailedTestTestRunner">
        <test-method status="PASS" signature="setUpClass()[pri:0, instance:cucumberOptions.FailedTestTestRunner@11758f2a]" name="setUpClass" is-config="true" duration-ms="366" started-at="2024-07-11T22:20:28 IST" finished-at="2024-07-11T22:20:28 IST">
          <reporter-output>
          </reporter-output>
        </test-method> <!-- setUpClass -->
        <test-method status="FAIL" signature="runScenario(io.cucumber.testng.PickleWrapper, io.cucumber.testng.FeatureWrapper)[pri:0, instance:cucumberOptions.FailedTestTestRunner@11758f2a]" name="runScenario" duration-ms="12060" started-at="2024-07-11T22:20:28 IST" description="Runs Cucumber Scenarios" data-provider="scenarios" finished-at="2024-07-11T22:20:40 IST">
          <params>
            <param index="0">
              <value>
                <![CDATA["Search Experience for product search in both home and Offers page"]]>
              </value>
            </param>
            <param index="1">
              <value>
                <![CDATA["Search and Place the order for Products"]]>
              </value>
            </param>
          </params>
          <exception class="java.lang.AssertionError">
            <message>
              <![CDATA[expected [Beetroot] but found [No data]]]>
            </message>
            <full-stacktrace>
              <![CDATA[java.lang.AssertionError: expected [Beetroot] but found [No data]
at org.testng.Assert.fail(Assert.java:97)
at org.testng.Assert.assertEqualsImpl(Assert.java:136)
at org.testng.Assert.assertEquals(Assert.java:118)
at org.testng.Assert.assertEquals(Assert.java:575)
at org.testng.Assert.assertEquals(Assert.java:585)
at stepDefinitions.OfferPagePageStepDefinition.validate_the_product_name_in_offers_page_matches_with_Landing_Page(OfferPagePageStepDefinition.java:81)
at âœ½.validate the product name in offers page matches with Landing Page(file:///Users/yashchouhan/eclipse-workspace/CucumberFramework_RSA/src/test/java/features/searchProduct.feature:9)
]]>
            </full-stacktrace>
          </exception> <!-- java.lang.AssertionError -->
          <reporter-output>
          </reporter-output>
        </test-method> <!-- runScenario -->
        <test-method status="PASS" signature="tearDownClass()[pri:0, instance:cucumberOptions.FailedTestTestRunner@11758f2a]" name="tearDownClass" is-config="true" duration-ms="132" started-at="2024-07-11T22:20:40 IST" finished-at="2024-07-11T22:20:40 IST">
          <reporter-output>
          </reporter-output>
        </test-method> <!-- tearDownClass -->
      </class> <!-- cucumberOptions.FailedTestTestRunner -->
    </test> <!-- Default test -->
  </suite> <!-- Default suite -->
</testng-results>
